<?xml version="1.0" encoding="utf-8"?><testsuites name="pytest tests"><testsuite name="pytest" errors="0" failures="0" skipped="0" tests="13" time="2.631" timestamp="2026-06-09T18:57:47.909392+00:00" hostname="agent-env-e45b104a-737c-413a-b374-96e8b289e423"><testcase classname="backend.tests.test_phase2.TestSeedTimestampsInPast" name="test_seed_vitals_recorded_at_le_now" time="1.730" /><testcase classname="backend.tests.test_phase2.TestPrescriptionsCreate" name="test_doctor_assigned_can_create" time="0.072" /><testcase classname="backend.tests.test_phase2.TestPrescriptionsCreate" name="test_doctor_unassigned_403" time="0.071" /><testcase classname="backend.tests.test_phase2.TestPrescriptionsCreate" name="test_patient_forbidden" time="0.070" /><testcase classname="backend.tests.test_phase2.TestAdminDoctors" name="test_admin_lists_doctors" time="0.068" /><testcase classname="backend.tests.test_phase2.TestAdminDoctors" name="test_doctor_forbidden" time="0.069" /><testcase classname="backend.tests.test_phase2.TestChatByPatient" name="test_doctor_assigned_returns_thread" time="0.071" /><testcase classname="backend.tests.test_phase2.TestChatByPatient" name="test_doctor_unassigned_403" time="0.071" /><testcase classname="backend.tests.test_phase2.TestEmptyChatThreadMessages" name="test_empty_dp_thread_returns_empty_list" time="0.139" /><testcase classname="backend.tests.test_phase2.TestVitalsSortOrder" name="test_without_window_is_descending" time="0.032" /><testcase classname="backend.tests.test_phase2.TestVitalsSortOrder" name="test_with_from_to_is_ascending" time="0.035" /><testcase classname="backend.tests.test_phase2.TestVitalsWebSocket" name="test_room_only_gets_its_patient" time="0.043" /><testcase classname="backend.tests.test_phase2.TestVitalsWebSocket" name="test_firehose_no_patient_id_receives_events" time="0.075" /></testsuite></testsuites>