<?xml version="1.0" encoding="utf-8"?><testsuites name="pytest tests"><testsuite name="pytest" errors="0" failures="0" skipped="0" tests="10" time="2.421" timestamp="2026-06-10T06:07:33.575503+00:00" hostname="agent-env-e45b104a-737c-413a-b374-96e8b289e423"><testcase classname="backend.tests.test_phase4_billing.TestTiers" name="test_tiers_public" time="0.117" /><testcase classname="backend.tests.test_phase4_billing.TestBillingMe" name="test_me_patient_free" time="0.401" /><testcase classname="backend.tests.test_phase4_billing.TestBillingMe" name="test_me_doctor_403" time="0.367" /><testcase classname="backend.tests.test_phase4_billing.TestCheckoutRBAC" name="test_checkout_doctor_forbidden" time="0.029" /><testcase classname="backend.tests.test_phase4_billing.TestCheckoutRBAC" name="test_checkout_admin_forbidden" time="0.362" /><testcase classname="backend.tests.test_phase4_billing.TestCheckoutRBAC" name="test_checkout_invalid_tier" time="0.070" /><testcase classname="backend.tests.test_phase4_billing.TestMockPurchaseRoundTripPatient1" name="test_full_round_trip" time="0.314" /><testcase classname="backend.tests.test_phase4_billing.TestWebhookMockMode" name="test_webhook_404_in_mock" time="0.029" /><testcase classname="backend.tests.test_phase4_billing.TestAdminBilling" name="test_admin_billing_doctor_forbidden" time="0.028" /><testcase classname="backend.tests.test_phase4_billing.TestAdminBilling" name="test_admin_billing_admin_ok" time="0.532" /></testsuite></testsuites>