<?xml version="1.0" encoding="utf-8"?><testsuites name="pytest tests"><testsuite name="pytest" errors="0" failures="0" skipped="0" tests="17" time="51.548" timestamp="2026-06-09T18:40:53.170305+00:00" hostname="agent-env-e45b104a-737c-413a-b374-96e8b289e423"><testcase classname="tests.test_phase1.TestEmulatorProcess" name="test_supervisor_program_running" time="0.146" /><testcase classname="tests.test_phase1.TestEmulatorProcess" name="test_status_endpoint" time="0.003" /><testcase classname="tests.test_phase1.TestSteadyStream" name="test_recent_glucose_within_30s" time="13.247" /><testcase classname="tests.test_phase1.TestAnomalies" name="test_hypo" time="2.064" /><testcase classname="tests.test_phase1.TestAnomalies" name="test_hyper" time="4.112" /><testcase classname="tests.test_phase1.TestAnomalies" name="test_hypoxia" time="6.148" /><testcase classname="tests.test_phase1.TestAnomalies" name="test_bradycardia" time="8.200" /><testcase classname="tests.test_phase1.TestAnomalies" name="test_tachycardia" time="10.219" /><testcase classname="tests.test_phase1.TestWebSocketVitals" name="test_ws_firehose_receives_vital" time="4.651" /><testcase classname="tests.test_phase1.TestSystemAccount" name="test_system_can_ingest_for_any_patient" time="0.590" /><testcase classname="tests.test_phase1.TestAdminCreateDoctor" name="test_admin_creates_doctor_and_doctor_can_login" time="0.504" /><testcase classname="tests.test_phase1.TestAdminCreateDoctor" name="test_non_admin_forbidden" time="0.029" /><testcase classname="tests.test_phase1.TestChat" name="test_chat_send_list_and_read" time="0.605" /><testcase classname="tests.test_phase1.TestChat" name="test_non_participant_forbidden_admin_allowed" time="0.862" /><testcase classname="tests.test_phase1.TestLoginThrottle" name="test_throttle_after_5_fails" time="0.010" /><testcase classname="tests.test_phase1.TestPhase0Sanity" name="test_patient_me" time="0.031" /><testcase classname="tests.test_phase1.TestPhase0Sanity" name="test_smith_lists_3_patients" time="0.038" /></testsuite></testsuites>