<?xml version="1.0" encoding="utf-8"?><testsuites name="pytest tests"><testsuite name="pytest" errors="0" failures="0" skipped="0" tests="42" time="4.617" timestamp="2026-06-09T18:21:36.780104+00:00" hostname="agent-env-e45b104a-737c-413a-b374-96e8b289e423"><testcase classname="tests.backend_test.TestAuth" name="test_login_returns_token_and_role" time="2.236" /><testcase classname="tests.backend_test.TestAuth" name="test_login_bad_password" time="0.296" /><testcase classname="tests.backend_test.TestAuth" name="test_me_with_token" time="0.028" /><testcase classname="tests.backend_test.TestAuth" name="test_me_without_token" time="0.028" /><testcase classname="tests.backend_test.TestOpenAPI" name="test_openapi_json" time="0.033" /><testcase classname="tests.backend_test.TestPatients" name="test_admin_sees_all_5" time="0.038" /><testcase classname="tests.backend_test.TestPatients" name="test_smith_sees_3" time="0.034" /><testcase classname="tests.backend_test.TestPatients" name="test_jones_sees_2" time="0.073" /><testcase classname="tests.backend_test.TestPatients" name="test_patient_forbidden_list" time="0.070" /><testcase classname="tests.backend_test.TestPatients" name="test_get_patient_admin_can_fetch_any" time="0.048" /><testcase classname="tests.backend_test.TestPatients" name="test_doctor_assigned_patient_ok" time="0.042" /><testcase classname="tests.backend_test.TestPatients" name="test_doctor_unassigned_patient_403" time="0.069" /><testcase classname="tests.backend_test.TestPatients" name="test_patient_own_ok" time="0.043" /><testcase classname="tests.backend_test.TestPatients" name="test_patient_other_403" time="0.071" /><testcase classname="tests.backend_test.TestVitals" name="test_severity_boundaries[glucose-53-critical]" time="0.032" /><testcase classname="tests.backend_test.TestVitals" name="test_severity_boundaries[glucose-70-warning]" time="0.072" /><testcase classname="tests.backend_test.TestVitals" name="test_severity_boundaries[glucose-71-normal]" time="0.071" /><testcase classname="tests.backend_test.TestVitals" name="test_severity_boundaries[glucose-181-warning]" time="0.030" /><testcase classname="tests.backend_test.TestVitals" name="test_severity_boundaries[glucose-251-critical]" time="0.069" /><testcase classname="tests.backend_test.TestVitals" name="test_severity_boundaries[hr-39-critical]" time="0.030" /><testcase classname="tests.backend_test.TestVitals" name="test_severity_boundaries[hr-50-warning]" time="0.028" /><testcase classname="tests.backend_test.TestVitals" name="test_severity_boundaries[hr-100-normal]" time="0.030" /><testcase classname="tests.backend_test.TestVitals" name="test_severity_boundaries[hr-121-critical]" time="0.070" /><testcase classname="tests.backend_test.TestVitals" name="test_severity_boundaries[spo2-89-critical]" time="0.030" /><testcase classname="tests.backend_test.TestVitals" name="test_severity_boundaries[spo2-94-warning]" time="0.069" /><testcase classname="tests.backend_test.TestVitals" name="test_severity_boundaries[spo2-95-normal]" time="0.071" /><testcase classname="tests.backend_test.TestVitals" name="test_doctor_unassigned_403" time="0.031" /><testcase classname="tests.backend_test.TestVitals" name="test_patient_post_other_403" time="0.070" /><testcase classname="tests.backend_test.TestVitals" name="test_patient_post_self_200" time="0.029" /><testcase classname="tests.backend_test.TestVitals" name="test_get_vitals_decrypts_value" time="0.070" /><testcase classname="tests.backend_test.TestVitals" name="test_get_vitals_doctor_unassigned_403" time="0.068" /><testcase classname="tests.backend_test.TestMongoVerify" name="test_vitals_field_is_encrypted" time="0.085" /><testcase classname="tests.backend_test.TestMongoVerify" name="test_seed_counts" time="0.006" /><testcase classname="tests.backend_test.TestPrescriptions" name="test_patient_read_own_ok" time="0.033" /><testcase classname="tests.backend_test.TestPrescriptions" name="test_doctor_read_assigned_ok" time="0.032" /><testcase classname="tests.backend_test.TestPrescriptions" name="test_doctor_read_unassigned_403" time="0.072" /><testcase classname="tests.backend_test.TestPrescriptions" name="test_patient_read_other_403" time="0.071" /><testcase classname="tests.backend_test.TestWebSockets" name="test_ws_vitals_missing_token_rejected" time="0.010" /><testcase classname="tests.backend_test.TestWebSockets" name="test_ws_vitals_ready_and_broadcast" time="0.033" /><testcase classname="tests.backend_test.TestWebSockets" name="test_ws_chat_echo" time="0.003" /><testcase classname="tests.backend_test.TestWebSockets" name="test_ws_chat_missing_token_rejected" time="0.002" /><testcase classname="tests.backend_test.TestSeedIdempotence" name="test_run_seed_skips_when_users_exist" time="0.165" /></testsuite></testsuites>